Base path: C:/Program Files (x86)/Unity/Editor/Data
Pipe name: \\.\pipe\UnityShaderCompiler-1-6384
Cmd: getPlatforms
Cmd: preprocess
  insize=8817 outsize=5755 ok=1
Cmd: preprocess
  insize=717 outsize=717 ok=1
Cmd: preprocess
  insize=1725 outsize=1007 ok=1
Cmd: compileSnippet
  api=4 type=0 insize=1020 outsize=1274 kw= ok=1
Cmd: compileSnippet
  api=4 type=1 insize=1020 outsize=908 kw= ok=1
Cmd: compileSnippet
  error: 1 plat 8 at (137): implicit truncation of vector type
  error: 2 plat 8 at (138): 'tex2Dproj': no matching 2 parameter intrinsic function; Possible intrinsic functions are: tex2Dproj(sampler2D, float4|half4|min10float4|min16float4)
  api=8 type=0 insize=3366 outsize=0 kw=WATER_REFLECTIVE ok=0
Cmd: compileSnippet
  error: 1 plat 8 at (137): implicit truncation of vector type
  error: 2 plat 8 at (138): 'tex2Dproj': no matching 2 parameter intrinsic function; Possible intrinsic functions are: tex2Dproj(sampler2D, float4|half4|min10float4|min16float4)
  api=8 type=1 insize=3366 outsize=0 kw=WATER_REFLECTIVE ok=0
